0 info it worked if it ends with ok
1 verbose cli [ 'C:\\Program Files\\nodejs\\node.exe',
1 verbose cli   'C:\\Program Files\\nodejs\\node_modules\\npm\\bin\\npm-cli.js',
1 verbose cli   'publish' ]
2 info using npm@3.10.3
3 info using node@v4.4.4
4 verbose publish [ '.' ]
5 silly cache add args [ '.', null ]
6 verbose cache add spec .
7 silly cache add parsed spec Result {
7 silly cache add   raw: '.',
7 silly cache add   scope: null,
7 silly cache add   escapedName: null,
7 silly cache add   name: null,
7 silly cache add   rawSpec: '.',
7 silly cache add   spec: 'D:\\Company\\bingo\\NPM\\dig-animate',
7 silly cache add   type: 'directory' }
8 verbose addLocalDirectory C:\Users\Administrator\AppData\Roaming\npm-cache\dig-animate\0.0.1\package.tgz not in flight; packing
9 verbose correctMkdir C:\Users\Administrator\AppData\Roaming\npm-cache correctMkdir not in flight; initializing
10 info lifecycle dig-animate@0.0.1~prepublish: dig-animate@0.0.1
11 silly lifecycle dig-animate@0.0.1~prepublish: no script for prepublish, continuing
12 verbose tar pack [ 'C:\\Users\\Administrator\\AppData\\Roaming\\npm-cache\\dig-animate\\0.0.1\\package.tgz',
12 verbose tar pack   'D:\\Company\\bingo\\NPM\\dig-animate' ]
13 verbose tarball C:\Users\Administrator\AppData\Roaming\npm-cache\dig-animate\0.0.1\package.tgz
14 verbose folder D:\Company\bingo\NPM\dig-animate
15 verbose addLocalTarball adding from inside cache C:\Users\Administrator\AppData\Roaming\npm-cache\dig-animate\0.0.1\package.tgz
16 verbose correctMkdir C:\Users\Administrator\AppData\Roaming\npm-cache correctMkdir not in flight; initializing
17 silly cache afterAdd dig-animate@0.0.1
18 verbose afterAdd C:\Users\Administrator\AppData\Roaming\npm-cache\dig-animate\0.0.1\package\package.json not in flight; writing
19 verbose correctMkdir C:\Users\Administrator\AppData\Roaming\npm-cache correctMkdir not in flight; initializing
20 verbose afterAdd C:\Users\Administrator\AppData\Roaming\npm-cache\dig-animate\0.0.1\package\package.json written
21 silly publish { name: 'dig-animate',
21 silly publish   version: '0.0.1',
21 silly publish   description: 'animate for dig',
21 silly publish   main: 'lib/animate.js',
21 silly publish   scripts:
21 silly publish    { build: 'SET NODE_ENV=production&webpack --progress --colors',
21 silly publish      dev: 'SET NODE_ENV=development&webpack-dev-server --hot --inline',
21 silly publish      clean: 'rimraf dist' },
21 silly publish   author: { name: 'Bingo Dig' },
21 silly publish   license: 'ISC',
21 silly publish   dependencies:
21 silly publish    { react: '^15.3.2',
21 silly publish      'react-dom': '^15.3.2',
21 silly publish      jquery: '^3.1.1',
21 silly publish      'rc-animate': '^2.3.1',
21 silly publish      'rc-banner-anim': '^0.5.3',
21 silly publish      'rc-queue-anim': '^0.12.5',
21 silly publish      'rc-scroll-anim': '^0.4.1',
21 silly publish      'rc-tween-one': '^0.11.4' },
21 silly publish   devDependencies:
21 silly publish    { 'babel-core': '^6.18.2',
21 silly publish      'babel-loader': '^6.2.7',
21 silly publish      'babel-polyfill': '^6.16.0',
21 silly publish      'babel-preset-es2015': '^6.18.0',
21 silly publish      'babel-preset-react': '^6.16.0',
21 silly publish      'babel-preset-stage-0': '^6.16.0',
21 silly publish      'css-loader': '^0.25.0',
21 silly publish      'extract-text-webpack-plugin': '^2.0.0-beta',
21 silly publish      'file-loader': '^0.9.0',
21 silly publish      'html-webpack-plugin': '^2.24.1',
21 silly publish      'node-sass': '^3.11.2',
21 silly publish      'open-browser-webpack-plugin': '0.0.3',
21 silly publish      'sass-loader': '^4.0.2',
21 silly publish      'style-loader': '^0.13.1',
21 silly publish      'url-loader': '^0.5.7',
21 silly publish      webpack: '^2.1.0-beta',
21 silly publish      'webpack-dev-server': '^2.1.0-beta' },
21 silly publish   readme: '\r\n# dig-animate\r\n\r\n动画库',
21 silly publish   readmeFilename: 'README.md',
21 silly publish   gitHead: 'ecbbf258ed06f29d261a4547c5726ec2b4ba2a6c',
21 silly publish   _id: 'dig-animate@0.0.1',
21 silly publish   _shasum: '25e6d4c57ece98a2b43b437b6e8e872e7a2db2f6',
21 silly publish   _from: '.' }
22 verbose getPublishConfig undefined
23 silly mapToRegistry name dig-animate
24 silly mapToRegistry using default registry
25 silly mapToRegistry registry https://registry.npmjs.org/
26 silly mapToRegistry data Result {
26 silly mapToRegistry   raw: 'dig-animate',
26 silly mapToRegistry   scope: null,
26 silly mapToRegistry   escapedName: 'dig-animate',
26 silly mapToRegistry   name: 'dig-animate',
26 silly mapToRegistry   rawSpec: '',
26 silly mapToRegistry   spec: 'latest',
26 silly mapToRegistry   type: 'tag' }
27 silly mapToRegistry uri https://registry.npmjs.org/dig-animate
28 verbose publish registryBase https://registry.npmjs.org/
29 silly publish uploading C:\Users\Administrator\AppData\Roaming\npm-cache\dig-animate\0.0.1\package.tgz
30 verbose request uri https://registry.npmjs.org/dig-animate
31 verbose request sending authorization for write operation
32 info attempt registry request try #1 at 16:12:50
33 verbose request using bearer token for auth
34 verbose request id 22825a21cd88f1bf
35 http request PUT https://registry.npmjs.org/dig-animate
36 http 403 https://registry.npmjs.org/dig-animate
37 verbose headers { 'content-type': 'application/json',
37 verbose headers   'cache-control': 'max-age=300',
37 verbose headers   'content-length': '95',
37 verbose headers   'accept-ranges': 'bytes',
37 verbose headers   date: 'Wed, 09 Nov 2016 08:12:51 GMT',
37 verbose headers   via: '1.1 varnish',
37 verbose headers   connection: 'keep-alive',
37 verbose headers   'x-served-by': 'cache-lcy1148-LCY',
37 verbose headers   'x-cache': 'MISS',
37 verbose headers   'x-cache-hits': '0',
37 verbose headers   'x-timer': 'S1478679170.510316,VS0,VE915',
37 verbose headers   vary: 'Accept-Encoding' }
38 verbose request invalidating C:\Users\Administrator\AppData\Roaming\npm-cache\registry.npmjs.org\dig-animate on PUT
39 error publish Failed PUT 403
40 verbose stack Error: "You cannot publish over the previously published version 0.0.1." : dig-animate
40 verbose stack     at makeError (C:\Program Files\nodejs\node_modules\npm\node_modules\npm-registry-client\lib\request.js:264:12)
40 verbose stack     at CachingRegistryClient.<anonymous> (C:\Program Files\nodejs\node_modules\npm\node_modules\npm-registry-client\lib\request.js:252:14)
40 verbose stack     at Request._callback (C:\Program Files\nodejs\node_modules\npm\node_modules\npm-registry-client\lib\request.js:172:14)
40 verbose stack     at Request.self.callback (C:\Program Files\nodejs\node_modules\npm\node_modules\request\request.js:200:22)
40 verbose stack     at emitTwo (events.js:87:13)
40 verbose stack     at Request.emit (events.js:172:7)
40 verbose stack     at Request.<anonymous> (C:\Program Files\nodejs\node_modules\npm\node_modules\request\request.js:1067:10)
40 verbose stack     at emitOne (events.js:82:20)
40 verbose stack     at Request.emit (events.js:169:7)
40 verbose stack     at IncomingMessage.<anonymous> (C:\Program Files\nodejs\node_modules\npm\node_modules\request\request.js:988:12)
41 verbose statusCode 403
42 verbose pkgid dig-animate
43 verbose cwd D:\Company\bingo\NPM\dig-animate
44 error Windows_NT 10.0.14393
45 error argv "C:\\Program Files\\nodejs\\node.exe" "C:\\Program Files\\nodejs\\node_modules\\npm\\bin\\npm-cli.js" "publish"
46 error node v4.4.4
47 error npm  v3.10.3
48 error code E403
49 error "You cannot publish over the previously published version 0.0.1." : dig-animate
50 error If you need help, you may report this error at:
50 error     <https://github.com/npm/npm/issues>
51 verbose exit [ 1, true ]
